#
# There is insufficient memory for the Java Runtime Environment to continue.
# Native memory allocation (mmap) failed to map 132120576 bytes. Error detail: G1 virtual space
# Possible reasons:
#   The system is out of physical RAM or swap space
#   This process is running with CompressedOops enabled, and the Java Heap may be blocking the growth of the native heap
# Possible solutions:
#   Reduce memory load on the system
#   Increase physical memory or swap space
#   Check if swap backing store is full
#   Decrease Java heap size (-Xmx/-Xms)
#   Decrease number of Java threads
#   Decrease Java thread stack sizes (-Xss)
#   Set larger code cache with -XX:ReservedCodeCacheSize=
#   JVM is running with Unscaled Compressed Oops mode in which the Java heap is
#     placed in the first 4GB address space. The Java Heap base address is the
#     maximum limit for the native heap growth. Please use -XX:HeapBaseMinAddress
#     to set the Java Heap base and to place the Java Heap above 4GB virtual address.
# This output file may be truncated or incomplete.
#
#  Out of Memory Error (os_windows.cpp:3631), pid=24876, tid=26692
#
# JRE version:  (22.0.2+9) (build )
# Java VM: Java HotSpot(TM) 64-Bit Server VM (22.0.2+9-70, mixed mode, sharing, tiered, compressed oops, compressed class ptrs, g1 gc, windows-amd64)
# No core dump will be written. Minidumps are not enabled by default on client versions of Windows
#

---------------  S U M M A R Y ------------

Command Line: --module-path=D:/Users/Github/HostelManagementSystem/lib/javafx-sdk-23.0.1/lib --add-modules=javafx.controls,javafx.fxml -XX:+ShowCodeDetailsInExceptionMessages App

Host: Intel(R) Core(TM) i5-8350U CPU @ 1.70GHz, 8 cores, 7G,  Windows 11 , 64 bit Build 22621 (10.0.22621.4391)
Time: Sun Nov 24 16:51:18 2024 Pakistan Standard Time elapsed time: 0.382177 seconds (0d 0h 0m 0s)

---------------  T H R E A D  ---------------

Current thread (0x00000203339b5520):  JavaThread "Unknown thread" [_thread_in_vm, id=26692, stack(0x00000022a5b00000,0x00000022a5c00000) (1024K)]

Stack: [0x00000022a5b00000,0x00000022a5c00000]
Native frames: (J=compiled Java code, j=interpreted, Vv=VM code, C=native code)
V  [jvm.dll+0x6e26e9]  (no source info available)
V  [jvm.dll+0x875753]  (no source info available)
V  [jvm.dll+0x877b7e]  (no source info available)
V  [jvm.dll+0x878253]  (no source info available)
V  [jvm.dll+0x27fc86]  (no source info available)
V  [jvm.dll+0x6ded85]  (no source info available)
V  [jvm.dll+0x6d388a]  (no source info available)
V  [jvm.dll+0x358b8a]  (no source info available)
V  [jvm.dll+0x3610b6]  (no source info available)
V  [jvm.dll+0x3b419e]  (no source info available)
V  [jvm.dll+0x3b4448]  (no source info available)
V  [jvm.dll+0x32c5ec]  (no source info available)
V  [jvm.dll+0x32d258]  (no source info available)
V  [jvm.dll+0x83d5ac]  (no source info available)
V  [jvm.dll+0x3c10d1]  (no source info available)
V  [jvm.dll+0x8264cc]  (no source info available)
V  [jvm.dll+0x45bd5e]  (no source info available)
V  [jvm.dll+0x45dbe1]  (no source info available)
C  [jli.dll+0x52a3]  (no source info available)
C  [ucrtbase.dll+0x29333]  (no source info available)
C  [KERNEL32.DLL+0x1259d]  (no source info available)
C  [ntdll.dll+0x5af38]  (no source info available)


---------------  P R O C E S S  ---------------

Threads class SMR info:
_java_thread_list=0x00007ffee424c1c8, length=0, elements={
}

Java Threads: ( => current thread )
Total: 0

Other Threads:
  0x0000020335b02b30 WorkerThread "GC Thread#0"                     [id=2080, stack(0x00000022a5c00000,0x00000022a5d00000) (1024K)]
  0x0000020335b13f70 ConcurrentGCThread "G1 Main Marker"            [id=21224, stack(0x00000022a5d00000,0x00000022a5e00000) (1024K)]
  0x0000020335b14a80 WorkerThread "G1 Conc#0"                       [id=27276, stack(0x00000022a5e00000,0x00000022a5f00000) (1024K)]

[error occurred during error reporting (printing all threads), id 0xc0000005, EXCEPTION_ACCESS_VIOLATION (0xc0000005) at pc=0x00007ffee399f517]
VM state: not at safepoint (not fully initialized)

VM Mutex/Monitor currently owned by a thread:  ([mutex/lock_event])
[0x00007ffee42ccc80] Heap_lock - owner thread: 0x00000203339b5520

Heap address: 0x0000000082800000, size: 2008 MB, Compressed Oops mode: 32-bit

CDS archive(s) mapped at: [0x0000000000000000-0x0000000000000000-0x0000000000000000), size 0, SharedBaseAddress: 0x0000000800000000, ArchiveRelocationMode: 1.
Narrow klass base: 0x0000000000000000, Narrow klass shift: 0, Narrow klass range: 0x0

GC Precious Log:
 CardTable entry size: 512
 Card Set container configuration: InlinePtr #cards 5 size 8 Array Of Cards #cards 12 size 40 Howl #buckets 4 coarsen threshold 1843 Howl Bitmap #cards 512 size 80 coarsen threshold 460 Card regions per heap region 1 cards per card region 2048

Heap:
 garbage-first heap   total reserved 2056192K, committed 0K, used 0K [0x0000000082800000, 0x0000000100000000)
  region size 1024K, 0 young (0K), 0 survivors (0K)

[error occurred during error reporting (printing heap information), id 0xc0000005, EXCEPTION_ACCESS_VIOLATION (0xc0000005) at pc=0x00007ffee3d9e869]
GC Heap History (0 events):
No events

Dll operation events (1 events):
Event: 0.250 Loaded shared library D:\Program Files\Java\jdk-22\bin\java.dll

Deoptimization events (0 events):
No events

Classes loaded (0 events):
No events

Classes unloaded (0 events):
No events

Classes redefined (0 events):
No events

Internal exceptions (0 events):
No events

ZGC Phase Switch (0 events):
No events

VM Operations (0 events):
No events

Memory protections (0 events):
No events

Nmethod flushes (0 events):
No events

Events (0 events):
No events


Dynamic libraries:
0x00007ff72c100000 - 0x00007ff72c110000 	D:\Program Files\Java\jdk-22\bin\java.exe
0x00007fffe34b0000 - 0x00007fffe36c7000 	C:\WINDOWS\SYSTEM32\ntdll.dll
0x00007fffe1530000 - 0x00007fffe15f4000 	C:\WINDOWS\System32\KERNEL32.DLL
0x00007fffe0a00000 - 0x00007fffe0dba000 	C:\WINDOWS\System32\KERNELBASE.dll
0x00007fffe0840000 - 0x00007fffe0951000 	C:\WINDOWS\System32\ucrtbase.dll
0x00007fffa5df0000 - 0x00007fffa5e0b000 	D:\Program Files\Java\jdk-22\bin\VCRUNTIME140.dll
0x00007fffa98d0000 - 0x00007fffa98e7000 	D:\Program Files\Java\jdk-22\bin\jli.dll
0x00007fffe2ca0000 - 0x00007fffe2e4e000 	C:\WINDOWS\System32\USER32.dll
0x00007fffc8fe0000 - 0x00007fffc9272000 	C:\WINDOWS\WinSxS\amd64_microsoft.windows.common-controls_6595b64144ccf1df_6.0.22621.4541_none_2710d1c57384c085\COMCTL32.dll
0x00007fffe1190000 - 0x00007fffe11b6000 	C:\WINDOWS\System32\win32u.dll
0x00007fffe12e0000 - 0x00007fffe1309000 	C:\WINDOWS\System32\GDI32.dll
0x00007fffe1b40000 - 0x00007fffe1be7000 	C:\WINDOWS\System32\msvcrt.dll
0x00007fffe1070000 - 0x00007fffe118b000 	C:\WINDOWS\System32\gdi32full.dll
0x00007fffe0960000 - 0x00007fffe09fa000 	C:\WINDOWS\System32\msvcp_win.dll
0x00007fffe14f0000 - 0x00007fffe1521000 	C:\WINDOWS\System32\IMM32.DLL
0x00007fffc8fa0000 - 0x00007fffc8fac000 	D:\Program Files\Java\jdk-22\bin\vcruntime140_1.dll
0x00007fff82b30000 - 0x00007fff82bbe000 	D:\Program Files\Java\jdk-22\bin\msvcp140.dll
0x00007ffee3660000 - 0x00007ffee43a9000 	D:\Program Files\Java\jdk-22\bin\server\jvm.dll
0x00007fffe18f0000 - 0x00007fffe19a2000 	C:\WINDOWS\System32\ADVAPI32.dll
0x00007fffe2130000 - 0x00007fffe21d7000 	C:\WINDOWS\System32\sechost.dll
0x00007fffe0810000 - 0x00007fffe0838000 	C:\WINDOWS\System32\bcrypt.dll
0x00007fffe3350000 - 0x00007fffe3464000 	C:\WINDOWS\System32\RPCRT4.dll
0x00007fffe2e50000 - 0x00007fffe2ec1000 	C:\WINDOWS\System32\WS2_32.dll
0x00007fffe03e0000 - 0x00007fffe042d000 	C:\WINDOWS\SYSTEM32\POWRPROF.dll
0x00007fffcc770000 - 0x00007fffcc77a000 	C:\WINDOWS\SYSTEM32\VERSION.dll
0x00007fffd79b0000 - 0x00007fffd79e4000 	C:\WINDOWS\SYSTEM32\WINMM.dll
0x00007fffe01e0000 - 0x00007fffe01f3000 	C:\WINDOWS\SYSTEM32\UMPDC.dll
0x00007fffdf790000 - 0x00007fffdf7a8000 	C:\WINDOWS\SYSTEM32\kernel.appcore.dll
0x00007fffc67e0000 - 0x00007fffc67ea000 	D:\Program Files\Java\jdk-22\bin\jimage.dll
0x00007fffddd10000 - 0x00007fffddf42000 	C:\WINDOWS\SYSTEM32\DBGHELP.DLL
0x00007fffe1bf0000 - 0x00007fffe1f7f000 	C:\WINDOWS\System32\combase.dll
0x00007fffe1800000 - 0x00007fffe18d7000 	C:\WINDOWS\System32\OLEAUT32.dll
0x00007fffc0410000 - 0x00007fffc0442000 	C:\WINDOWS\SYSTEM32\dbgcore.DLL
0x00007fffe0790000 - 0x00007fffe080b000 	C:\WINDOWS\System32\bcryptPrimitives.dll
0x00007fffa9ad0000 - 0x00007fffa9aee000 	D:\Program Files\Java\jdk-22\bin\java.dll
0x00007fffe2420000 - 0x00007fffe2c98000 	C:\WINDOWS\System32\SHELL32.dll
0x00007fffe1f80000 - 0x00007fffe2125000 	C:\WINDOWS\System32\ole32.dll

dbghelp: loaded successfully - version: 4.0.5 - missing functions: none
symbol engine: initialized successfully - sym options: 0x614 - pdb path: .;D:\Program Files\Java\jdk-22\bin;C:\WINDOWS\SYSTEM32;C:\WINDOWS\WinSxS\amd64_microsoft.windows.common-controls_6595b64144ccf1df_6.0.22621.4541_none_2710d1c57384c085;D:\Program Files\Java\jdk-22\bin\server

VM Arguments:
jvm_args: --module-path=D:/Users/Github/HostelManagementSystem/lib/javafx-sdk-23.0.1/lib --add-modules=javafx.controls,javafx.fxml -XX:+ShowCodeDetailsInExceptionMessages 
java_command: App
java_class_path (initial): C:\Users\Laptech\AppData\Roaming\Code\User\workspaceStorage\d2b043798730823d0534a004699af816\redhat.java\jdt_ws\HostelManagementSystem_80f1836d\bin;d:\Users\Github\HostelManagementSystem\lib\javafx-sdk-23.0.1\lib\javafx.base.jar;d:\Users\Github\HostelManagementSystem\lib\javafx-sdk-23.0.1\lib\javafx-swt.jar;d:\Users\Github\HostelManagementSystem\lib\mysql-connector-j-9.0.0.jar;d:\Users\Github\HostelManagementSystem\lib\javafx-sdk-23.0.1\lib\javafx.media.jar;d:\Users\Github\HostelManagementSystem\lib\javafx-sdk-23.0.1\lib\javafx.web.jar;d:\Users\Github\HostelManagementSystem\lib\javafx-sdk-23.0.1\lib\javafx.swing.jar;d:\Users\Github\HostelManagementSystem\lib\javafx-sdk-23.0.1\lib\javafx.controls.jar;d:\Users\Github\HostelManagementSystem\lib\javafx-sdk-23.0.1\lib\javafx.fxml.jar;d:\Users\Github\HostelManagementSystem\lib\javafx-sdk-23.0.1\lib\javafx.graphics.jar
Launcher Type: SUN_STANDARD

[Global flags]
     intx CICompilerCount                          = 4                                         {product} {ergonomic}
     uint ConcGCThreads                            = 2                                         {product} {ergonomic}
     uint G1ConcRefinementThreads                  = 8                                         {product} {ergonomic}
   size_t G1HeapRegionSize                         = 1048576                                   {product} {ergonomic}
   size_t InitialHeapSize                          = 132120576                                 {product} {ergonomic}
   size_t MarkStackSize                            = 4194304                                   {product} {ergonomic}
   size_t MaxHeapSize                              = 2105540608                                {product} {ergonomic}
   size_t MinHeapDeltaBytes                        = 1048576                                   {product} {ergonomic}
   size_t MinHeapSize                              = 8388608                                   {product} {ergonomic}
    uintx NonNMethodCodeHeapSize                   = 5839372                                {pd product} {ergonomic}
    uintx NonProfiledCodeHeapSize                  = 122909434                              {pd product} {ergonomic}
    uintx ProfiledCodeHeapSize                     = 122909434                              {pd product} {ergonomic}
    uintx ReservedCodeCacheSize                    = 251658240                              {pd product} {ergonomic}
     bool SegmentedCodeCache                       = true                                      {product} {ergonomic}
     bool ShowCodeDetailsInExceptionMessages       = true                                   {manageable} {command line}
   size_t SoftMaxHeapSize                          = 2105540608                             {manageable} {ergonomic}
     bool UseCompressedOops                        = true                           {product lp64_product} {ergonomic}
     bool UseG1GC                                  = true                                      {product} {ergonomic}
     bool UseLargePagesIndividualAllocation        = false                                  {pd product} {ergonomic}

Logging:
Log output configuration:
 #0: stdout all=warning uptime,level,tags foldmultilines=false
 #1: stderr all=off uptime,level,tags foldmultilines=false

Environment Variables:
JAVA_HOME=D:\Program Files\Java\jdk-22
PATH=C:\Program Files\PowerShell\7;D:\WINDOWS.X64_213000_db_home\bin;C:\Program Files\Common Files\Oracle\Java\javapath;C:\Program Files (x86)\NVIDIA Corporation\PhysX\Common;D:\Program Files\Python\Scripts\;D:\Program Files\Python\;C:\WINDOWS\system32;C:\WINDOWS;C:\WINDOWS\System32\Wbem;C:\WINDOWS\System32\WindowsPowerShell\v1.0\;C:\WINDOWS\System32\OpenSSH\;C:\Program Files\Intel\WiFi\bin\;C:\Program Files\Common Files\Intel\WirelessCommon\;C:\Program Files\Git\cmd;C:\Program Files (x86)\Windows Kits\8.1\Windows Performance Toolkit\;C:\Program Files\nodejs\;c:\Program Files (x86)\Intel\Intel(R) Management Engine Components\DAL;c:\Program Files\Intel\Intel(R) Management Engine Components\DAL;D:\Program Files\MATLAB\R2024a\runtime\win64;D:\Program Files\MATLAB\R2024a\bin;C:\Program Files\PowerShell\7\;C:\Program Files\Cloudflare\Cloudflare WARP\;C:\Program Files\MySQL\MySQL Shell 8.0\bin\;C:\Users\Laptech\AppData\Local\Microsoft\WindowsApps;C:\Users\Laptech\AppData\Local\Programs\Microsoft VS Code\bin;D:\Environment;C:\Users\Laptech\AppData\Roaming\Python\Python312\Scripts;D:\Environment;C:\Users\Laptech\AppData\Local\Microsoft\WinGet\Packages\Schniz.fnm_Microsoft.Winget.Source_8wekyb3d8bbwe;C:\Users\Laptech\AppData\Roaming\npm;D:\Program Files\Java\jdk-22\bin;C:\Users\Laptech\AppData\Local\Programs\oh-my-posh\bin;C:\Users\Laptech\Downloads\platform-tools-latest-windows\platform-tools;
USERNAME=Laptech
LANG=en_US.UTF-8
OS=Windows_NT
PROCESSOR_IDENTIFIER=Intel64 Family 6 Model 142 Stepping 10, GenuineIntel
TMP=C:\Users\Laptech\AppData\Local\Temp
TEMP=C:\Users\Laptech\AppData\Local\Temp




Periodic native trim disabled

---------------  S Y S T E M  ---------------

OS:
 Windows 11 , 64 bit Build 22621 (10.0.22621.4391)
OS uptime: 0 days 16:23 hours
Hyper-V role detected

CPU: total 8 (initial active 8) (4 cores per cpu, 2 threads per core) family 6 model 142 stepping 10 microcode 0xf4, cx8, cmov, fxsr, ht, mmx, 3dnowpref, sse, sse2, sse3, ssse3, sse4.1, sse4.2, popcnt, lzcnt, tsc, tscinvbit, avx, avx2, aes, erms, clmul, bmi1, bmi2, rtm, adx, fma, vzeroupper, clflush, clflushopt, hv, rdtscp, f16c
Processor Information for all 8 processors :
  Max Mhz: 1896, Current Mhz: 1696, Mhz Limit: 1687

Memory: 4k page, system-wide physical 8031M (694M free)
TotalPageFile size 21476M (AvailPageFile size 25M)
current process WorkingSet (physical memory assigned to process): 12M, peak: 12M
current process commit charge ("private bytes"): 60M, peak: 186M

vm_info: Java HotSpot(TM) 64-Bit Server VM (22.0.2+9-70) for windows-amd64 JRE (22.0.2+9-70), built on 2024-06-04T16:52:23Z by "mach5one" with MS VC++ 17.6 (VS2022)

END.
